Build started 2018/11/12 10:09:53.
     1>Project "D:\学习\morewindows\白话算法\四选择排序\select_sort\select_sort\select_sort.vcxproj" on node 2 (rebuild target(s)).
     1>_PrepareForClean:
         Deleting file "Debug\select_sort.lastbuildstate".
       InitializeBuildStatus:
         Creating "Debug\select_sort.unsuccessfulbuild" because "AlwaysCreate" was specified.
       ClCompile:
         C:\Program Files (x86)\Microsoft Visual Studio 10.0\VC\bin\CL.exe /c /ZI /nologo /W3 /WX- /Od /Oy- /D WIN32 /D _DEBUG /D _CONSOLE /D _UNICODE /D UNICODE /Gm /EHsc /RTC1 /MDd /GS /fp:precise /Zc:wchar_t /Zc:forScope /Fo"Debug\\" /Fd"Debug\vc100.pdb" /Gd /TP /analyze- /errorReport:prompt select_sort.cpp
         select_sort.cpp
       ManifestResourceCompile:
         C:\Program Files (x86)\Microsoft SDKs\Windows\v7.0A\bin\rc.exe /nologo /fo"Debug\select_sort.exe.embed.manifest.res" Debug\select_sort_manifest.rc 
       Link:
         C:\Program Files (x86)\Microsoft Visual Studio 10.0\VC\bin\link.exe /ERRORREPORT:PROMPT /OUT:"D:\学习\morewindows\白话算法\四选择排序\select_sort\Debug\select_sort.exe" /INCREMENTAL /NOLOGO kernel32.lib user32.lib gdi32.lib winspool.lib comdlg32.lib advapi32.lib shell32.lib ole32.lib oleaut32.lib uuid.lib odbc32.lib odbccp32.lib /MANIFEST /ManifestFile:"Debug\select_sort.exe.intermediate.manifest" /MANIFESTUAC:"level='asInvoker' uiAccess='false'" /DEBUG /PDB:"D:\学习\morewindows\白话算法\四选择排序\select_sort\Debug\select_sort.pdb" /SUBSYSTEM:CONSOLE /TLBID:1 /DYNAMICBASE /NXCOMPAT /IMPLIB:"D:\学习\morewindows\白话算法\四选择排序\select_sort\Debug\select_sort.lib" /MACHINE:X86 Debug\select_sort.exe.embed.manifest.res
         Debug\select_sort.obj
       Manifest:
         Deleting file "Debug\select_sort.exe.embed.manifest".
         C:\Program Files (x86)\Microsoft SDKs\Windows\v7.0A\bin\mt.exe /nologo /verbose /out:"Debug\select_sort.exe.embed.manifest" /manifest Debug\select_sort.exe.intermediate.manifest
         C:\Program Files (x86)\Microsoft SDKs\Windows\v7.0A\bin\rc.exe /nologo /fo"Debug\select_sort.exe.embed.manifest.res" Debug\select_sort_manifest.rc 
       LinkEmbedManifest:
         C:\Program Files (x86)\Microsoft Visual Studio 10.0\VC\bin\link.exe /ERRORREPORT:PROMPT /OUT:"D:\学习\morewindows\白话算法\四选择排序\select_sort\Debug\select_sort.exe" /INCREMENTAL /NOLOGO kernel32.lib user32.lib gdi32.lib winspool.lib comdlg32.lib advapi32.lib shell32.lib ole32.lib oleaut32.lib uuid.lib odbc32.lib odbccp32.lib /MANIFEST /ManifestFile:"Debug\select_sort.exe.intermediate.manifest" /MANIFESTUAC:"level='asInvoker' uiAccess='false'" /DEBUG /PDB:"D:\学习\morewindows\白话算法\四选择排序\select_sort\Debug\select_sort.pdb" /SUBSYSTEM:CONSOLE /TLBID:1 /DYNAMICBASE /NXCOMPAT /IMPLIB:"D:\学习\morewindows\白话算法\四选择排序\select_sort\Debug\select_sort.lib" /MACHINE:X86 Debug\select_sort.exe.embed.manifest.res
         Debug\select_sort.obj
         select_sort.vcxproj -> D:\学习\morewindows\白话算法\四选择排序\select_sort\Debug\select_sort.exe
       FinalizeBuildStatus:
         Deleting file "Debug\select_sort.unsuccessfulbuild".
         Touching "Debug\select_sort.lastbuildstate".
     1>Done Building Project "D:\学习\morewindows\白话算法\四选择排序\select_sort\select_sort\select_sort.vcxproj" (rebuild target(s)).

Build succeeded.

Time Elapsed 00:00:04.36
