D:\学习\MOREWINDOWS\白话算法\四选择排序\SELECT_SORT\DEBUG\SELECT_SORT.EXE
D:\学习\MOREWINDOWS\白话算法\四选择排序\SELECT_SORT\DEBUG\SELECT_SORT.ILK
D:\学习\MOREWINDOWS\白话算法\四选择排序\SELECT_SORT\DEBUG\SELECT_SORT.PDB
D:\学习\morewindows\白话算法\四选择排序\select_sort\select_sort\Debug\cl.command.1.tlog
D:\学习\morewindows\白话算法\四选择排序\select_sort\select_sort\Debug\CL.read.1.tlog
D:\学习\morewindows\白话算法\四选择排序\select_sort\select_sort\Debug\CL.write.1.tlog
D:\学习\morewindows\白话算法\四选择排序\select_sort\select_sort\Debug\link.5708.read.1.tlog
D:\学习\morewindows\白话算法\四选择排序\select_sort\select_sort\Debug\link.5708.write.1.tlog
D:\学习\morewindows\白话算法\四选择排序\select_sort\select_sort\Debug\link.5708-cvtres.read.1.tlog
D:\学习\morewindows\白话算法\四选择排序\select_sort\select_sort\Debug\link.5708-cvtres.write.1.tlog
D:\学习\morewindows\白话算法\四选择排序\select_sort\select_sort\Debug\link.command.1.tlog
D:\学习\morewindows\白话算法\四选择排序\select_sort\select_sort\Debug\link.read.1.tlog
D:\学习\morewindows\白话算法\四选择排序\select_sort\select_sort\Debug\link.write.1.tlog
D:\学习\morewindows\白话算法\四选择排序\select_sort\select_sort\Debug\link-cvtres.read.1.tlog
D:\学习\morewindows\白话算法\四选择排序\select_sort\select_sort\Debug\link-cvtres.write.1.tlog
D:\学习\morewindows\白话算法\四选择排序\select_sort\select_sort\Debug\mt.command.1.tlog
D:\学习\morewindows\白话算法\四选择排序\select_sort\select_sort\Debug\mt.read.1.tlog
D:\学习\morewindows\白话算法\四选择排序\select_sort\select_sort\Debug\mt.write.1.tlog
D:\学习\morewindows\白话算法\四选择排序\select_sort\select_sort\Debug\rc.command.1.tlog
D:\学习\morewindows\白话算法\四选择排序\select_sort\select_sort\Debug\rc.read.1.tlog
D:\学习\morewindows\白话算法\四选择排序\select_sort\select_sort\Debug\rc.write.1.tlog
D:\学习\MOREWINDOWS\白话算法\四选择排序\SELECT_SORT\SELECT_SORT\DEBUG\SELECT_SORT.EXE.EMBED.MANIFEST
D:\学习\MOREWINDOWS\白话算法\四选择排序\SELECT_SORT\SELECT_SORT\DEBUG\SELECT_SORT.EXE.EMBED.MANIFEST.RES
D:\学习\MOREWINDOWS\白话算法\四选择排序\SELECT_SORT\SELECT_SORT\DEBUG\SELECT_SORT.EXE.INTERMEDIATE.MANIFEST
D:\学习\MOREWINDOWS\白话算法\四选择排序\SELECT_SORT\SELECT_SORT\DEBUG\SELECT_SORT.OBJ
D:\学习\morewindows\白话算法\四选择排序\select_sort\select_sort\Debug\select_sort.write.1.tlog
D:\学习\morewindows\白话算法\四选择排序\select_sort\select_sort\Debug\select_sort_manifest.rc
D:\学习\morewindows\白话算法\四选择排序\select_sort\select_sort\Debug\vc100.idb
D:\学习\MOREWINDOWS\白话算法\四选择排序\SELECT_SORT\SELECT_SORT\DEBUG\VC100.PDB
