Build started 11/21/2018 12:05:53 AM.
     1>Project "C:\study\学习\morewindows\白话算法\二插入排序\insert_sort\insert_sort\insert_sort.vcxproj" on node 2 (build target(s)).
     1>InitializeBuildStatus:
         Creating "Debug\insert_sort.unsuccessfulbuild" because "AlwaysCreate" was specified.
       ClCompile:
         C:\Program Files (x86)\Microsoft Visual Studio 10.0\VC\bin\CL.exe /c /ZI /nologo /W3 /WX- /Od /Oy- /D WIN32 /D _DEBUG /D _CONSOLE /D _UNICODE /D UNICODE /Gm /EHsc /RTC1 /MDd /GS /fp:precise /Zc:wchar_t /Zc:forScope /Fo"Debug\\" /Fd"Debug\vc100.pdb" /Gd /TP /analyze- /errorReport:prompt ..\..\..\..\..\MyFunctions\MyFunctions.cpp insert_sort.cpp
         insert_sort.cpp
     1>c:\study\学习\morewindows\白话算法\二插入排序\insert_sort\insert_sort\insert_sort.cpp(55): warning C4101: 'i' : unreferenced local variable
         MyFunctions.cpp
         Generating Code...
       ManifestResourceCompile:
         C:\Program Files (x86)\Microsoft SDKs\Windows\v7.0A\bin\rc.exe /nologo /fo"Debug\insert_sort.exe.embed.manifest.res" Debug\insert_sort_manifest.rc 
       Link:
         C:\Program Files (x86)\Microsoft Visual Studio 10.0\VC\bin\link.exe /ERRORREPORT:PROMPT /OUT:"C:\study\学习\morewindows\白话算法\二插入排序\insert_sort\Debug\insert_sort.exe" /INCREMENTAL /NOLOGO kernel32.lib user32.lib gdi32.lib winspool.lib comdlg32.lib advapi32.lib shell32.lib ole32.lib oleaut32.lib uuid.lib odbc32.lib odbccp32.lib /MANIFEST /ManifestFile:"Debug\insert_sort.exe.intermediate.manifest" /MANIFESTUAC:"level='asInvoker' uiAccess='false'" /DEBUG /PDB:"C:\study\学习\morewindows\白话算法\二插入排序\insert_sort\Debug\insert_sort.pdb" /SUBSYSTEM:CONSOLE /TLBID:1 /DYNAMICBASE /NXCOMPAT /IMPLIB:"C:\study\学习\morewindows\白话算法\二插入排序\insert_sort\Debug\insert_sort.lib" /MACHINE:X86 Debug\insert_sort.exe.embed.manifest.res
         Debug\MyFunctions.obj
         Debug\insert_sort.obj
         LINK : C:\study\学习\morewindows\白话算法\二插入排序\insert_sort\Debug\insert_sort.exe not found or not built by the last incremental link; performing full link
       Manifest:
         C:\Program Files (x86)\Microsoft SDKs\Windows\v7.0A\bin\mt.exe /nologo /verbose /out:"Debug\insert_sort.exe.embed.manifest" /manifest Debug\insert_sort.exe.intermediate.manifest
         All outputs are up-to-date.
       LinkEmbedManifest:
         All outputs are up-to-date.
         insert_sort.vcxproj -> C:\study\学习\morewindows\白话算法\二插入排序\insert_sort\Debug\insert_sort.exe
       FinalizeBuildStatus:
         Deleting file "Debug\insert_sort.unsuccessfulbuild".
         Touching "Debug\insert_sort.lastbuildstate".
     1>Done Building Project "C:\study\学习\morewindows\白话算法\二插入排序\insert_sort\insert_sort\insert_sort.vcxproj" (build target(s)).

Build succeeded.

Time Elapsed 00:00:02.58
