D:\学习\morewindows\白话算法\二插入排序\insert_sort\Debug\insert_sort.pdb
D:\学习\morewindows\白话算法\二插入排序\insert_sort\insert_sort\Debug\cl.command.1.tlog
D:\学习\morewindows\白话算法\二插入排序\insert_sort\insert_sort\Debug\CL.read.1.tlog
D:\学习\morewindows\白话算法\二插入排序\insert_sort\insert_sort\Debug\CL.write.1.tlog
D:\学习\morewindows\白话算法\二插入排序\insert_sort\insert_sort\Debug\insert_sort.exe.embed.manifest
D:\学习\MOREWINDOWS\白话算法\二插入排序\INSERT_SORT\INSERT_SORT\DEBUG\INSERT_SORT.EXE.EMBED.MANIFEST.RES
D:\学习\morewindows\白话算法\二插入排序\insert_sort\insert_sort\Debug\insert_sort.exe.intermediate.manifest
D:\学习\MOREWINDOWS\白话算法\二插入排序\INSERT_SORT\INSERT_SORT\DEBUG\INSERT_SORT.OBJ
D:\学习\morewindows\白话算法\二插入排序\insert_sort\insert_sort\Debug\insert_sort.write.1.tlog
D:\学习\morewindows\白话算法\二插入排序\insert_sort\insert_sort\Debug\insert_sort_manifest.rc
D:\学习\morewindows\白话算法\二插入排序\insert_sort\insert_sort\Debug\link.command.1.tlog
D:\学习\morewindows\白话算法\二插入排序\insert_sort\insert_sort\Debug\link.read.1.tlog
D:\学习\morewindows\白话算法\二插入排序\insert_sort\insert_sort\Debug\link.write.1.tlog
D:\学习\morewindows\白话算法\二插入排序\insert_sort\insert_sort\Debug\link-cvtres.read.1.tlog
D:\学习\morewindows\白话算法\二插入排序\insert_sort\insert_sort\Debug\link-cvtres.write.1.tlog
D:\学习\MOREWINDOWS\白话算法\二插入排序\INSERT_SORT\INSERT_SORT\DEBUG\MYFUNCTIONS.OBJ
D:\学习\morewindows\白话算法\二插入排序\insert_sort\insert_sort\Debug\rc.command.1.tlog
D:\学习\morewindows\白话算法\二插入排序\insert_sort\insert_sort\Debug\rc.read.1.tlog
D:\学习\morewindows\白话算法\二插入排序\insert_sort\insert_sort\Debug\rc.write.1.tlog
D:\学习\morewindows\白话算法\二插入排序\insert_sort\insert_sort\Debug\vc100.idb
D:\学习\MOREWINDOWS\白话算法\二插入排序\INSERT_SORT\INSERT_SORT\DEBUG\VC100.PDB
