D:\学习\MOREWINDOWS\白话算法\六快速排序\QUICK_SORT\DEBUG\QUICK_SORT.EXE
D:\学习\MOREWINDOWS\白话算法\六快速排序\QUICK_SORT\DEBUG\QUICK_SORT.ILK
D:\学习\MOREWINDOWS\白话算法\六快速排序\QUICK_SORT\DEBUG\QUICK_SORT.PDB
D:\学习\morewindows\白话算法\六快速排序\quick_sort\quick_sort\Debug\cl.command.1.tlog
D:\学习\morewindows\白话算法\六快速排序\quick_sort\quick_sort\Debug\CL.read.1.tlog
D:\学习\morewindows\白话算法\六快速排序\quick_sort\quick_sort\Debug\CL.write.1.tlog
D:\学习\morewindows\白话算法\六快速排序\quick_sort\quick_sort\Debug\link.2244.read.1.tlog
D:\学习\morewindows\白话算法\六快速排序\quick_sort\quick_sort\Debug\link.2244.write.1.tlog
D:\学习\morewindows\白话算法\六快速排序\quick_sort\quick_sort\Debug\link.2244-cvtres.read.1.tlog
D:\学习\morewindows\白话算法\六快速排序\quick_sort\quick_sort\Debug\link.2244-cvtres.write.1.tlog
D:\学习\morewindows\白话算法\六快速排序\quick_sort\quick_sort\Debug\link.command.1.tlog
D:\学习\morewindows\白话算法\六快速排序\quick_sort\quick_sort\Debug\link.read.1.tlog
D:\学习\morewindows\白话算法\六快速排序\quick_sort\quick_sort\Debug\link.write.1.tlog
D:\学习\morewindows\白话算法\六快速排序\quick_sort\quick_sort\Debug\link-cvtres.read.1.tlog
D:\学习\morewindows\白话算法\六快速排序\quick_sort\quick_sort\Debug\link-cvtres.write.1.tlog
D:\学习\morewindows\白话算法\六快速排序\quick_sort\quick_sort\Debug\mt.command.1.tlog
D:\学习\morewindows\白话算法\六快速排序\quick_sort\quick_sort\Debug\mt.read.1.tlog
D:\学习\morewindows\白话算法\六快速排序\quick_sort\quick_sort\Debug\mt.write.1.tlog
D:\学习\MOREWINDOWS\白话算法\六快速排序\QUICK_SORT\QUICK_SORT\DEBUG\MYFUNCTIONS.OBJ
D:\学习\MOREWINDOWS\白话算法\六快速排序\QUICK_SORT\QUICK_SORT\DEBUG\QUICK_SORT.EXE.EMBED.MANIFEST
D:\学习\MOREWINDOWS\白话算法\六快速排序\QUICK_SORT\QUICK_SORT\DEBUG\QUICK_SORT.EXE.EMBED.MANIFEST.RES
D:\学习\MOREWINDOWS\白话算法\六快速排序\QUICK_SORT\QUICK_SORT\DEBUG\QUICK_SORT.EXE.INTERMEDIATE.MANIFEST
D:\学习\MOREWINDOWS\白话算法\六快速排序\QUICK_SORT\QUICK_SORT\DEBUG\QUICK_SORT.OBJ
D:\学习\morewindows\白话算法\六快速排序\quick_sort\quick_sort\Debug\quick_sort.write.1.tlog
D:\学习\morewindows\白话算法\六快速排序\quick_sort\quick_sort\Debug\quick_sort_manifest.rc
D:\学习\morewindows\白话算法\六快速排序\quick_sort\quick_sort\Debug\rc.command.1.tlog
D:\学习\morewindows\白话算法\六快速排序\quick_sort\quick_sort\Debug\rc.read.1.tlog
D:\学习\morewindows\白话算法\六快速排序\quick_sort\quick_sort\Debug\rc.write.1.tlog
D:\学习\morewindows\白话算法\六快速排序\quick_sort\quick_sort\Debug\vc100.idb
D:\学习\MOREWINDOWS\白话算法\六快速排序\QUICK_SORT\QUICK_SORT\DEBUG\VC100.PDB
