Build started 2018/11/21 10:44:13.
     1>Project "D:\学习\morewindows\白话算法\六快速排序\quick_sort\quick_sort\quick_sort.vcxproj" on node 2 (rebuild target(s)).
     1>_PrepareForClean:
         Deleting file "Debug\quick_sort.lastbuildstate".
       InitializeBuildStatus:
         Creating "Debug\quick_sort.unsuccessfulbuild" because "AlwaysCreate" was specified.
       ClCompile:
         C:\Program Files (x86)\Microsoft Visual Studio 10.0\VC\bin\CL.exe /c /ZI /nologo /W3 /WX- /Od /Oy- /D WIN32 /D _DEBUG /D _CONSOLE /D _UNICODE /D UNICODE /Gm /EHsc /RTC1 /MDd /GS /fp:precise /Zc:wchar_t /Zc:forScope /Fo"Debug\\" /Fd"Debug\vc100.pdb" /Gd /TP /analyze- /errorReport:prompt ..\..\..\..\..\MyFunctions\MyFunctions.cpp quick_sort.cpp
         quick_sort.cpp
         MyFunctions.cpp
         Generating Code...
       ManifestResourceCompile:
         C:\Program Files (x86)\Microsoft SDKs\Windows\v7.0A\bin\rc.exe /nologo /fo"Debug\quick_sort.exe.embed.manifest.res" Debug\quick_sort_manifest.rc 
       Link:
         C:\Program Files (x86)\Microsoft Visual Studio 10.0\VC\bin\link.exe /ERRORREPORT:PROMPT /OUT:"D:\学习\morewindows\白话算法\六快速排序\quick_sort\Debug\quick_sort.exe" /INCREMENTAL /NOLOGO kernel32.lib user32.lib gdi32.lib winspool.lib comdlg32.lib advapi32.lib shell32.lib ole32.lib oleaut32.lib uuid.lib odbc32.lib odbccp32.lib /MANIFEST /ManifestFile:"Debug\quick_sort.exe.intermediate.manifest" /MANIFESTUAC:"level='asInvoker' uiAccess='false'" /DEBUG /PDB:"D:\学习\morewindows\白话算法\六快速排序\quick_sort\Debug\quick_sort.pdb" /SUBSYSTEM:CONSOLE /TLBID:1 /DYNAMICBASE /NXCOMPAT /IMPLIB:"D:\学习\morewindows\白话算法\六快速排序\quick_sort\Debug\quick_sort.lib" /MACHINE:X86 Debug\quick_sort.exe.embed.manifest.res
         Debug\MyFunctions.obj
         Debug\quick_sort.obj
       Manifest:
         Deleting file "Debug\quick_sort.exe.embed.manifest".
         C:\Program Files (x86)\Microsoft SDKs\Windows\v7.0A\bin\mt.exe /nologo /verbose /out:"Debug\quick_sort.exe.embed.manifest" /manifest Debug\quick_sort.exe.intermediate.manifest
         C:\Program Files (x86)\Microsoft SDKs\Windows\v7.0A\bin\rc.exe /nologo /fo"Debug\quick_sort.exe.embed.manifest.res" Debug\quick_sort_manifest.rc 
       LinkEmbedManifest:
         C:\Program Files (x86)\Microsoft Visual Studio 10.0\VC\bin\link.exe /ERRORREPORT:PROMPT /OUT:"D:\学习\morewindows\白话算法\六快速排序\quick_sort\Debug\quick_sort.exe" /INCREMENTAL /NOLOGO kernel32.lib user32.lib gdi32.lib winspool.lib comdlg32.lib advapi32.lib shell32.lib ole32.lib oleaut32.lib uuid.lib odbc32.lib odbccp32.lib /MANIFEST /ManifestFile:"Debug\quick_sort.exe.intermediate.manifest" /MANIFESTUAC:"level='asInvoker' uiAccess='false'" /DEBUG /PDB:"D:\学习\morewindows\白话算法\六快速排序\quick_sort\Debug\quick_sort.pdb" /SUBSYSTEM:CONSOLE /TLBID:1 /DYNAMICBASE /NXCOMPAT /IMPLIB:"D:\学习\morewindows\白话算法\六快速排序\quick_sort\Debug\quick_sort.lib" /MACHINE:X86 Debug\quick_sort.exe.embed.manifest.res
         Debug\MyFunctions.obj
         Debug\quick_sort.obj
         quick_sort.vcxproj -> D:\学习\morewindows\白话算法\六快速排序\quick_sort\Debug\quick_sort.exe
       FinalizeBuildStatus:
         Deleting file "Debug\quick_sort.unsuccessfulbuild".
         Touching "Debug\quick_sort.lastbuildstate".
     1>Done Building Project "D:\学习\morewindows\白话算法\六快速排序\quick_sort\quick_sort\quick_sort.vcxproj" (rebuild target(s)).

Build succeeded.

Time Elapsed 00:00:02.86
