D:\学习\MOREWINDOWS\白话算法\其他归并排序\MERGE_SORT\DEBUG\MERGE_SORT.EXE
D:\学习\MOREWINDOWS\白话算法\其他归并排序\MERGE_SORT\DEBUG\MERGE_SORT.ILK
D:\学习\MOREWINDOWS\白话算法\其他归并排序\MERGE_SORT\DEBUG\MERGE_SORT.PDB
D:\学习\morewindows\白话算法\其他归并排序\merge_sort\merge_sort\Debug\cl.command.1.tlog
D:\学习\morewindows\白话算法\其他归并排序\merge_sort\merge_sort\Debug\CL.read.1.tlog
D:\学习\morewindows\白话算法\其他归并排序\merge_sort\merge_sort\Debug\CL.write.1.tlog
D:\学习\morewindows\白话算法\其他归并排序\merge_sort\merge_sort\Debug\link.1492.read.1.tlog
D:\学习\morewindows\白话算法\其他归并排序\merge_sort\merge_sort\Debug\link.1492.write.1.tlog
D:\学习\morewindows\白话算法\其他归并排序\merge_sort\merge_sort\Debug\link.1492-cvtres.read.1.tlog
D:\学习\morewindows\白话算法\其他归并排序\merge_sort\merge_sort\Debug\link.1492-cvtres.write.1.tlog
D:\学习\morewindows\白话算法\其他归并排序\merge_sort\merge_sort\Debug\link.command.1.tlog
D:\学习\morewindows\白话算法\其他归并排序\merge_sort\merge_sort\Debug\link.read.1.tlog
D:\学习\morewindows\白话算法\其他归并排序\merge_sort\merge_sort\Debug\link.write.1.tlog
D:\学习\morewindows\白话算法\其他归并排序\merge_sort\merge_sort\Debug\link-cvtres.read.1.tlog
D:\学习\morewindows\白话算法\其他归并排序\merge_sort\merge_sort\Debug\link-cvtres.write.1.tlog
D:\学习\MOREWINDOWS\白话算法\其他归并排序\MERGE_SORT\MERGE_SORT\DEBUG\MERGE_SORT.EXE.EMBED.MANIFEST
D:\学习\MOREWINDOWS\白话算法\其他归并排序\MERGE_SORT\MERGE_SORT\DEBUG\MERGE_SORT.EXE.EMBED.MANIFEST.RES
D:\学习\MOREWINDOWS\白话算法\其他归并排序\MERGE_SORT\MERGE_SORT\DEBUG\MERGE_SORT.EXE.INTERMEDIATE.MANIFEST
D:\学习\MOREWINDOWS\白话算法\其他归并排序\MERGE_SORT\MERGE_SORT\DEBUG\MERGE_SORT.OBJ
D:\学习\morewindows\白话算法\其他归并排序\merge_sort\merge_sort\Debug\merge_sort.write.1.tlog
D:\学习\morewindows\白话算法\其他归并排序\merge_sort\merge_sort\Debug\merge_sort_manifest.rc
D:\学习\morewindows\白话算法\其他归并排序\merge_sort\merge_sort\Debug\mt.command.1.tlog
D:\学习\morewindows\白话算法\其他归并排序\merge_sort\merge_sort\Debug\mt.read.1.tlog
D:\学习\morewindows\白话算法\其他归并排序\merge_sort\merge_sort\Debug\mt.write.1.tlog
D:\学习\MOREWINDOWS\白话算法\其他归并排序\MERGE_SORT\MERGE_SORT\DEBUG\MYFUNCTIONS.OBJ
D:\学习\morewindows\白话算法\其他归并排序\merge_sort\merge_sort\Debug\rc.command.1.tlog
D:\学习\morewindows\白话算法\其他归并排序\merge_sort\merge_sort\Debug\rc.read.1.tlog
D:\学习\morewindows\白话算法\其他归并排序\merge_sort\merge_sort\Debug\rc.write.1.tlog
D:\学习\morewindows\白话算法\其他归并排序\merge_sort\merge_sort\Debug\vc100.idb
D:\学习\MOREWINDOWS\白话算法\其他归并排序\MERGE_SORT\MERGE_SORT\DEBUG\VC100.PDB
