D:\学习\MOREWINDOWS\白话算法\其他归并排序\MERGE_TWO_LIST\DEBUG\MERGE_TWO_LIST.EXE
D:\学习\MOREWINDOWS\白话算法\其他归并排序\MERGE_TWO_LIST\DEBUG\MERGE_TWO_LIST.ILK
D:\学习\MOREWINDOWS\白话算法\其他归并排序\MERGE_TWO_LIST\DEBUG\MERGE_TWO_LIST.PDB
D:\学习\morewindows\白话算法\其他归并排序\merge_two_list\merge_two_list\Debug\cl.command.1.tlog
D:\学习\morewindows\白话算法\其他归并排序\merge_two_list\merge_two_list\Debug\CL.read.1.tlog
D:\学习\morewindows\白话算法\其他归并排序\merge_two_list\merge_two_list\Debug\CL.write.1.tlog
D:\学习\morewindows\白话算法\其他归并排序\merge_two_list\merge_two_list\Debug\link.1184.read.1.tlog
D:\学习\morewindows\白话算法\其他归并排序\merge_two_list\merge_two_list\Debug\link.1184.write.1.tlog
D:\学习\morewindows\白话算法\其他归并排序\merge_two_list\merge_two_list\Debug\link.1184-cvtres.read.1.tlog
D:\学习\morewindows\白话算法\其他归并排序\merge_two_list\merge_two_list\Debug\link.1184-cvtres.write.1.tlog
D:\学习\morewindows\白话算法\其他归并排序\merge_two_list\merge_two_list\Debug\link.command.1.tlog
D:\学习\morewindows\白话算法\其他归并排序\merge_two_list\merge_two_list\Debug\link.read.1.tlog
D:\学习\morewindows\白话算法\其他归并排序\merge_two_list\merge_two_list\Debug\link.write.1.tlog
D:\学习\morewindows\白话算法\其他归并排序\merge_two_list\merge_two_list\Debug\link-cvtres.read.1.tlog
D:\学习\morewindows\白话算法\其他归并排序\merge_two_list\merge_two_list\Debug\link-cvtres.write.1.tlog
D:\学习\MOREWINDOWS\白话算法\其他归并排序\MERGE_TWO_LIST\MERGE_TWO_LIST\DEBUG\MERGE_TWO_LIST.EXE.EMBED.MANIFEST
D:\学习\MOREWINDOWS\白话算法\其他归并排序\MERGE_TWO_LIST\MERGE_TWO_LIST\DEBUG\MERGE_TWO_LIST.EXE.EMBED.MANIFEST.RES
D:\学习\MOREWINDOWS\白话算法\其他归并排序\MERGE_TWO_LIST\MERGE_TWO_LIST\DEBUG\MERGE_TWO_LIST.EXE.INTERMEDIATE.MANIFEST
D:\学习\MOREWINDOWS\白话算法\其他归并排序\MERGE_TWO_LIST\MERGE_TWO_LIST\DEBUG\MERGE_TWO_LIST.OBJ
D:\学习\morewindows\白话算法\其他归并排序\merge_two_list\merge_two_list\Debug\merge_two_list.vcxprojResolveAssemblyReference.cache
D:\学习\morewindows\白话算法\其他归并排序\merge_two_list\merge_two_list\Debug\merge_two_list.write.1.tlog
D:\学习\morewindows\白话算法\其他归并排序\merge_two_list\merge_two_list\Debug\merge_two_list_manifest.rc
D:\学习\morewindows\白话算法\其他归并排序\merge_two_list\merge_two_list\Debug\mt.command.1.tlog
D:\学习\morewindows\白话算法\其他归并排序\merge_two_list\merge_two_list\Debug\mt.read.1.tlog
D:\学习\morewindows\白话算法\其他归并排序\merge_two_list\merge_two_list\Debug\mt.write.1.tlog
D:\学习\morewindows\白话算法\其他归并排序\merge_two_list\merge_two_list\Debug\rc.command.1.tlog
D:\学习\morewindows\白话算法\其他归并排序\merge_two_list\merge_two_list\Debug\rc.read.1.tlog
D:\学习\morewindows\白话算法\其他归并排序\merge_two_list\merge_two_list\Debug\rc.write.1.tlog
D:\学习\morewindows\白话算法\其他归并排序\merge_two_list\merge_two_list\Debug\vc100.idb
D:\学习\MOREWINDOWS\白话算法\其他归并排序\MERGE_TWO_LIST\MERGE_TWO_LIST\DEBUG\VC100.PDB
