Build started 2018/11/16 17:06:12.
     1>Project "D:\学习\morewindows\白话算法\其他归并排序\merge_two_list\merge_two_list\merge_two_list.vcxproj" on node 2 (rebuild target(s)).
     1>_PrepareForClean:
         Deleting file "Debug\merge_two_list.lastbuildstate".
       InitializeBuildStatus:
         Creating "Debug\merge_two_list.unsuccessfulbuild" because "AlwaysCreate" was specified.
       ClCompile:
         C:\Program Files (x86)\Microsoft Visual Studio 10.0\VC\bin\CL.exe /c /ZI /nologo /W3 /WX- /Od /Oy- /D WIN32 /D _DEBUG /D _CONSOLE /D _UNICODE /D UNICODE /Gm /EHsc /RTC1 /MDd /GS /fp:precise /Zc:wchar_t /Zc:forScope /Fo"Debug\\" /Fd"Debug\vc100.pdb" /Gd /TP /analyze- /errorReport:prompt merge_two_list.cpp
         merge_two_list.cpp
       ManifestResourceCompile:
         C:\Program Files (x86)\Microsoft SDKs\Windows\v7.0A\bin\rc.exe /nologo /fo"Debug\merge_two_list.exe.embed.manifest.res" Debug\merge_two_list_manifest.rc 
       Link:
         C:\Program Files (x86)\Microsoft Visual Studio 10.0\VC\bin\link.exe /ERRORREPORT:PROMPT /OUT:"D:\学习\morewindows\白话算法\其他归并排序\merge_two_list\Debug\merge_two_list.exe" /INCREMENTAL /NOLOGO kernel32.lib user32.lib gdi32.lib winspool.lib comdlg32.lib advapi32.lib shell32.lib ole32.lib oleaut32.lib uuid.lib odbc32.lib odbccp32.lib /MANIFEST /ManifestFile:"Debug\merge_two_list.exe.intermediate.manifest" /MANIFESTUAC:"level='asInvoker' uiAccess='false'" /DEBUG /PDB:"D:\学习\morewindows\白话算法\其他归并排序\merge_two_list\Debug\merge_two_list.pdb" /SUBSYSTEM:CONSOLE /TLBID:1 /DYNAMICBASE /NXCOMPAT /IMPLIB:"D:\学习\morewindows\白话算法\其他归并排序\merge_two_list\Debug\merge_two_list.lib" /MACHINE:X86 Debug\merge_two_list.exe.embed.manifest.res
         Debug\merge_two_list.obj
       Manifest:
         Deleting file "Debug\merge_two_list.exe.embed.manifest".
         C:\Program Files (x86)\Microsoft SDKs\Windows\v7.0A\bin\mt.exe /nologo /verbose /out:"Debug\merge_two_list.exe.embed.manifest" /manifest Debug\merge_two_list.exe.intermediate.manifest
         C:\Program Files (x86)\Microsoft SDKs\Windows\v7.0A\bin\rc.exe /nologo /fo"Debug\merge_two_list.exe.embed.manifest.res" Debug\merge_two_list_manifest.rc 
       LinkEmbedManifest:
         C:\Program Files (x86)\Microsoft Visual Studio 10.0\VC\bin\link.exe /ERRORREPORT:PROMPT /OUT:"D:\学习\morewindows\白话算法\其他归并排序\merge_two_list\Debug\merge_two_list.exe" /INCREMENTAL /NOLOGO kernel32.lib user32.lib gdi32.lib winspool.lib comdlg32.lib advapi32.lib shell32.lib ole32.lib oleaut32.lib uuid.lib odbc32.lib odbccp32.lib /MANIFEST /ManifestFile:"Debug\merge_two_list.exe.intermediate.manifest" /MANIFESTUAC:"level='asInvoker' uiAccess='false'" /DEBUG /PDB:"D:\学习\morewindows\白话算法\其他归并排序\merge_two_list\Debug\merge_two_list.pdb" /SUBSYSTEM:CONSOLE /TLBID:1 /DYNAMICBASE /NXCOMPAT /IMPLIB:"D:\学习\morewindows\白话算法\其他归并排序\merge_two_list\Debug\merge_two_list.lib" /MACHINE:X86 Debug\merge_two_list.exe.embed.manifest.res
         Debug\merge_two_list.obj
         merge_two_list.vcxproj -> D:\学习\morewindows\白话算法\其他归并排序\merge_two_list\Debug\merge_two_list.exe
       FinalizeBuildStatus:
         Deleting file "Debug\merge_two_list.unsuccessfulbuild".
         Touching "Debug\merge_two_list.lastbuildstate".
     1>Done Building Project "D:\学习\morewindows\白话算法\其他归并排序\merge_two_list\merge_two_list\merge_two_list.vcxproj" (rebuild target(s)).

Build succeeded.

Time Elapsed 00:00:03.23
