D:\HEAP_SORT\DEBUG\HEAP_SORT.EXE
D:\HEAP_SORT\DEBUG\HEAP_SORT.ILK
D:\HEAP_SORT\DEBUG\HEAP_SORT.PDB
D:\heap_sort\heap_sort\Debug\cl.command.1.tlog
D:\heap_sort\heap_sort\Debug\CL.read.1.tlog
D:\heap_sort\heap_sort\Debug\CL.write.1.tlog
D:\HEAP_SORT\HEAP_SORT\DEBUG\HEAP_SORT.EXE.EMBED.MANIFEST
D:\HEAP_SORT\HEAP_SORT\DEBUG\HEAP_SORT.EXE.EMBED.MANIFEST.RES
D:\HEAP_SORT\HEAP_SORT\DEBUG\HEAP_SORT.EXE.INTERMEDIATE.MANIFEST
D:\HEAP_SORT\HEAP_SORT\DEBUG\HEAP_SORT.OBJ
D:\heap_sort\heap_sort\Debug\heap_sort.write.1.tlog
D:\heap_sort\heap_sort\Debug\heap_sort_manifest.rc
D:\heap_sort\heap_sort\Debug\link.16236.read.1.tlog
D:\heap_sort\heap_sort\Debug\link.16236.write.1.tlog
D:\heap_sort\heap_sort\Debug\link.16236-cvtres.read.1.tlog
D:\heap_sort\heap_sort\Debug\link.16236-cvtres.write.1.tlog
D:\heap_sort\heap_sort\Debug\link.command.1.tlog
D:\heap_sort\heap_sort\Debug\link.read.1.tlog
D:\heap_sort\heap_sort\Debug\link.write.1.tlog
D:\heap_sort\heap_sort\Debug\link-cvtres.read.1.tlog
D:\heap_sort\heap_sort\Debug\link-cvtres.write.1.tlog
D:\heap_sort\heap_sort\Debug\mt.command.1.tlog
D:\heap_sort\heap_sort\Debug\mt.read.1.tlog
D:\heap_sort\heap_sort\Debug\mt.write.1.tlog
D:\heap_sort\heap_sort\Debug\rc.command.1.tlog
D:\heap_sort\heap_sort\Debug\rc.read.1.tlog
D:\heap_sort\heap_sort\Debug\rc.write.1.tlog
D:\heap_sort\heap_sort\Debug\vc100.idb
D:\HEAP_SORT\HEAP_SORT\DEBUG\VC100.PDB
