D:\学习\MOREWINDOWS\白话算法\三\SHELL_SORT\DEBUG\SHELL_SORT.EXE
D:\学习\MOREWINDOWS\白话算法\三\SHELL_SORT\DEBUG\SHELL_SORT.ILK
D:\学习\MOREWINDOWS\白话算法\三\SHELL_SORT\DEBUG\SHELL_SORT.PDB
D:\学习\morewindows\白话算法\三\shell_sort\shell_sort\Debug\cl.command.1.tlog
D:\学习\morewindows\白话算法\三\shell_sort\shell_sort\Debug\CL.read.1.tlog
D:\学习\morewindows\白话算法\三\shell_sort\shell_sort\Debug\CL.write.1.tlog
D:\学习\morewindows\白话算法\三\shell_sort\shell_sort\Debug\link.10640.read.1.tlog
D:\学习\morewindows\白话算法\三\shell_sort\shell_sort\Debug\link.10640.write.1.tlog
D:\学习\morewindows\白话算法\三\shell_sort\shell_sort\Debug\link.10640-cvtres.read.1.tlog
D:\学习\morewindows\白话算法\三\shell_sort\shell_sort\Debug\link.10640-cvtres.write.1.tlog
D:\学习\morewindows\白话算法\三\shell_sort\shell_sort\Debug\link.command.1.tlog
D:\学习\morewindows\白话算法\三\shell_sort\shell_sort\Debug\link.read.1.tlog
D:\学习\morewindows\白话算法\三\shell_sort\shell_sort\Debug\link.write.1.tlog
D:\学习\morewindows\白话算法\三\shell_sort\shell_sort\Debug\link-cvtres.read.1.tlog
D:\学习\morewindows\白话算法\三\shell_sort\shell_sort\Debug\link-cvtres.write.1.tlog
D:\学习\morewindows\白话算法\三\shell_sort\shell_sort\Debug\mt.command.1.tlog
D:\学习\morewindows\白话算法\三\shell_sort\shell_sort\Debug\mt.read.1.tlog
D:\学习\morewindows\白话算法\三\shell_sort\shell_sort\Debug\mt.write.1.tlog
D:\学习\morewindows\白话算法\三\shell_sort\shell_sort\Debug\rc.command.1.tlog
D:\学习\morewindows\白话算法\三\shell_sort\shell_sort\Debug\rc.read.1.tlog
D:\学习\morewindows\白话算法\三\shell_sort\shell_sort\Debug\rc.write.1.tlog
D:\学习\MOREWINDOWS\白话算法\三\SHELL_SORT\SHELL_SORT\DEBUG\SHELL_SORT.EXE.EMBED.MANIFEST
D:\学习\MOREWINDOWS\白话算法\三\SHELL_SORT\SHELL_SORT\DEBUG\SHELL_SORT.EXE.EMBED.MANIFEST.RES
D:\学习\MOREWINDOWS\白话算法\三\SHELL_SORT\SHELL_SORT\DEBUG\SHELL_SORT.EXE.INTERMEDIATE.MANIFEST
D:\学习\MOREWINDOWS\白话算法\三\SHELL_SORT\SHELL_SORT\DEBUG\SHELL_SORT.OBJ
D:\学习\morewindows\白话算法\三\shell_sort\shell_sort\Debug\shell_sort.vcxprojResolveAssemblyReference.cache
D:\学习\morewindows\白话算法\三\shell_sort\shell_sort\Debug\shell_sort.write.1.tlog
D:\学习\morewindows\白话算法\三\shell_sort\shell_sort\Debug\shell_sort_manifest.rc
D:\学习\morewindows\白话算法\三\shell_sort\shell_sort\Debug\vc100.idb
D:\学习\MOREWINDOWS\白话算法\三\SHELL_SORT\SHELL_SORT\DEBUG\VC100.PDB
