Build started 2018/11/12 17:24:42.
     1>Project "D:\学习\morewindows\白话算法\其他_鸡尾酒排序\cocktail_sort\cocktail_sort\cocktail_sort.vcxproj" on node 2 (build target(s)).
     1>InitializeBuildStatus:
         Creating "Debug\cocktail_sort.unsuccessfulbuild" because "AlwaysCreate" was specified.
       ClCompile:
         C:\Program Files (x86)\Microsoft Visual Studio 10.0\VC\bin\CL.exe /c /ZI /nologo /W3 /WX- /Od /Oy- /D WIN32 /D _DEBUG /D _CONSOLE /D _UNICODE /D UNICODE /Gm /EHsc /RTC1 /MDd /GS /fp:precise /Zc:wchar_t /Zc:forScope /Fo"Debug\\" /Fd"Debug\vc100.pdb" /Gd /TP /analyze- /errorReport:prompt cocktail_sort.cpp
         cocktail_sort.cpp
       ManifestResourceCompile:
         All outputs are up-to-date.
       Link:
         C:\Program Files (x86)\Microsoft Visual Studio 10.0\VC\bin\link.exe /ERRORREPORT:PROMPT /OUT:"D:\学习\morewindows\白话算法\其他_鸡尾酒排序\cocktail_sort\Debug\cocktail_sort.exe" /INCREMENTAL /NOLOGO kernel32.lib user32.lib gdi32.lib winspool.lib comdlg32.lib advapi32.lib shell32.lib ole32.lib oleaut32.lib uuid.lib odbc32.lib odbccp32.lib /MANIFEST /ManifestFile:"Debug\cocktail_sort.exe.intermediate.manifest" /MANIFESTUAC:"level='asInvoker' uiAccess='false'" /DEBUG /PDB:"D:\学习\morewindows\白话算法\其他_鸡尾酒排序\cocktail_sort\Debug\cocktail_sort.pdb" /SUBSYSTEM:CONSOLE /TLBID:1 /DYNAMICBASE /NXCOMPAT /IMPLIB:"D:\学习\morewindows\白话算法\其他_鸡尾酒排序\cocktail_sort\Debug\cocktail_sort.lib" /MACHINE:X86 Debug\cocktail_sort.exe.embed.manifest.res
         Debug\cocktail_sort.obj
       Manifest:
         C:\Program Files (x86)\Microsoft SDKs\Windows\v7.0A\bin\mt.exe /nologo /verbose /out:"Debug\cocktail_sort.exe.embed.manifest" /manifest Debug\cocktail_sort.exe.intermediate.manifest
         All outputs are up-to-date.
       LinkEmbedManifest:
         All outputs are up-to-date.
         cocktail_sort.vcxproj -> D:\学习\morewindows\白话算法\其他_鸡尾酒排序\cocktail_sort\Debug\cocktail_sort.exe
       FinalizeBuildStatus:
         Deleting file "Debug\cocktail_sort.unsuccessfulbuild".
         Touching "Debug\cocktail_sort.lastbuildstate".
     1>Done Building Project "D:\学习\morewindows\白话算法\其他_鸡尾酒排序\cocktail_sort\cocktail_sort\cocktail_sort.vcxproj" (build target(s)).

Build succeeded.

Time Elapsed 00:00:02.59
