D:\学习\morewindows\白话算法\其他_鸡尾酒排序\cocktail_sort\cocktail_sort\Debug\cl.command.1.tlog
D:\学习\morewindows\白话算法\其他_鸡尾酒排序\cocktail_sort\cocktail_sort\Debug\CL.read.1.tlog
D:\学习\morewindows\白话算法\其他_鸡尾酒排序\cocktail_sort\cocktail_sort\Debug\CL.write.1.tlog
D:\学习\MOREWINDOWS\白话算法\其他_鸡尾酒排序\COCKTAIL_SORT\COCKTAIL_SORT\DEBUG\COCKTAIL_SORT.EXE.EMBED.MANIFEST
D:\学习\MOREWINDOWS\白话算法\其他_鸡尾酒排序\COCKTAIL_SORT\COCKTAIL_SORT\DEBUG\COCKTAIL_SORT.EXE.EMBED.MANIFEST.RES
D:\学习\MOREWINDOWS\白话算法\其他_鸡尾酒排序\COCKTAIL_SORT\COCKTAIL_SORT\DEBUG\COCKTAIL_SORT.EXE.INTERMEDIATE.MANIFEST
D:\学习\MOREWINDOWS\白话算法\其他_鸡尾酒排序\COCKTAIL_SORT\COCKTAIL_SORT\DEBUG\COCKTAIL_SORT.OBJ
D:\学习\morewindows\白话算法\其他_鸡尾酒排序\cocktail_sort\cocktail_sort\Debug\cocktail_sort.vcxprojResolveAssemblyReference.cache
D:\学习\morewindows\白话算法\其他_鸡尾酒排序\cocktail_sort\cocktail_sort\Debug\cocktail_sort.write.1.tlog
D:\学习\morewindows\白话算法\其他_鸡尾酒排序\cocktail_sort\cocktail_sort\Debug\cocktail_sort_manifest.rc
D:\学习\morewindows\白话算法\其他_鸡尾酒排序\cocktail_sort\cocktail_sort\Debug\link.18984.read.1.tlog
D:\学习\morewindows\白话算法\其他_鸡尾酒排序\cocktail_sort\cocktail_sort\Debug\link.18984.write.1.tlog
D:\学习\morewindows\白话算法\其他_鸡尾酒排序\cocktail_sort\cocktail_sort\Debug\link.18984-cvtres.read.1.tlog
D:\学习\morewindows\白话算法\其他_鸡尾酒排序\cocktail_sort\cocktail_sort\Debug\link.18984-cvtres.write.1.tlog
D:\学习\morewindows\白话算法\其他_鸡尾酒排序\cocktail_sort\cocktail_sort\Debug\link.command.1.tlog
D:\学习\morewindows\白话算法\其他_鸡尾酒排序\cocktail_sort\cocktail_sort\Debug\link.read.1.tlog
D:\学习\morewindows\白话算法\其他_鸡尾酒排序\cocktail_sort\cocktail_sort\Debug\link.write.1.tlog
D:\学习\morewindows\白话算法\其他_鸡尾酒排序\cocktail_sort\cocktail_sort\Debug\link-cvtres.read.1.tlog
D:\学习\morewindows\白话算法\其他_鸡尾酒排序\cocktail_sort\cocktail_sort\Debug\link-cvtres.write.1.tlog
D:\学习\morewindows\白话算法\其他_鸡尾酒排序\cocktail_sort\cocktail_sort\Debug\mt.command.1.tlog
D:\学习\morewindows\白话算法\其他_鸡尾酒排序\cocktail_sort\cocktail_sort\Debug\mt.read.1.tlog
D:\学习\morewindows\白话算法\其他_鸡尾酒排序\cocktail_sort\cocktail_sort\Debug\mt.write.1.tlog
D:\学习\morewindows\白话算法\其他_鸡尾酒排序\cocktail_sort\cocktail_sort\Debug\rc.command.1.tlog
D:\学习\morewindows\白话算法\其他_鸡尾酒排序\cocktail_sort\cocktail_sort\Debug\rc.read.1.tlog
D:\学习\morewindows\白话算法\其他_鸡尾酒排序\cocktail_sort\cocktail_sort\Debug\rc.write.1.tlog
D:\学习\morewindows\白话算法\其他_鸡尾酒排序\cocktail_sort\cocktail_sort\Debug\vc100.idb
D:\学习\MOREWINDOWS\白话算法\其他_鸡尾酒排序\COCKTAIL_SORT\COCKTAIL_SORT\DEBUG\VC100.PDB
D:\学习\MOREWINDOWS\白话算法\其他_鸡尾酒排序\COCKTAIL_SORT\DEBUG\COCKTAIL_SORT.EXE
D:\学习\MOREWINDOWS\白话算法\其他_鸡尾酒排序\COCKTAIL_SORT\DEBUG\COCKTAIL_SORT.ILK
D:\学习\MOREWINDOWS\白话算法\其他_鸡尾酒排序\COCKTAIL_SORT\DEBUG\COCKTAIL_SORT.PDB
